<?xml version="1.0" encoding="UTF-8"?>
<!-- Generated by org.testng.reporters.JUnitReportReporter -->
<testsuite skipped="0" hostname="ip-172-31-23-77" name="com.swiggy.testscripts.TestRunner" tests="1" failures="0" timestamp="2022-08-22T15:56:49 UTC" time="17.486" errors="0">
  <testcase name="runScenario" time="17.486" classname="com.swiggy.testscripts.TestRunner"/>
  <system-out/>
</testsuite> <!-- com.swiggy.testscripts.TestRunner -->
